<testsuites id="" name="" tests="1" failures="0" skipped="0" errors="0" time="4.286942">
<testsuite name="chapter2\DatePicker_test.spec.ts" timestamp="2026-04-01T12:01:46.691Z" hostname="Google Chrome" tests="1" failures="0" skipped="0" time="2.892" errors="0">
<testcase name="DatePicker" classname="chapter2\DatePicker_test.spec.ts" time="2.892">
<system-out>
<![CDATA[Run using github

[[ATTACHMENT|test-results\chapter2-DatePicker_test-DatePicker-Google-Chrome\video.webm]]

[[ATTACHMENT|test-results\chapter2-DatePicker_test-DatePicker-Google-Chrome\trace.zip]]
]]>
</system-out>
</testcase>
</testsuite>
</testsuites>