<testsuites id="" name="" tests="1" failures="1" skipped="0" errors="0" time="3.363837000000058">
<testsuite name="Chapter6\POST_API_Request_Dynamic.spec.ts" timestamp="2026-03-29T07:38:55.320Z" hostname="Google Chrome" tests="1" failures="1" skipped="0" time="1.347" errors="0">
<testcase name="Create POST APi Request using Dynamic" classname="Chapter6\POST_API_Request_Dynamic.spec.ts" time="1.347">
<failure message="POST_API_Request_Dynamic.spec.ts:10:5 Create POST APi Request using Dynamic" type="FAILURE">
<![CDATA[  [Google Chrome] › Chapter6\POST_API_Request_Dynamic.spec.ts:10:5 › Create POST APi Request using Dynamic 

    SyntaxError: Unexpected token 'I', "Internal S"... is not valid JSON

      18 |     const postApiResponse=await request.post(`/booking`,{data:JSON.parse(postAPIRequest)});
      19 |
    > 20 |     const jsonapostApiResponse=await postApiResponse.json();
         |                                ^
      21 |     console.log(`Post Api Response : `+JSON.stringify(jsonapostApiResponse,null,2));
      22 | });
      23 |
        at C:\Users\abhim\Downloads\Playwright Code\Playwright Tutorial\tests\Chapter6\POST_API_Request_Dynamic.spec.ts:20:32
]]>
</failure>
</testcase>
</testsuite>
</testsuites>